<?xml version="1.0" encoding="UTF-8"?>
<!-- Generated by org.testng.reporters.JUnitXMLReporter -->
<testsuite ignored="0" hostname="DESKTOP-LHK4KF7" failures="0" tests="3" name="Default test" time="24.667" errors="0" timestamp="2025-08-29T16:53:19 IST">
  <testcase classname="com.orangehrm.tests.Login_orangehrm" name="verifylogin" time="7.384"/>
  <testcase classname="com.orangehrm.tests.Login_orangehrm" name="verifylogin" time="6.708"/>
  <testcase classname="com.orangehrm.tests.Login_orangehrm" name="verifylogin" time="6.969"/>
</testsuite> <!-- Default test -->
