<?xml version="1.0" encoding="UTF-8"?>
<!-- Generated by org.testng.reporters.JUnitXMLReporter -->
<testsuite ignored="0" hostname="DESKTOP-LHK4KF7" failures="2" tests="2" name="ChromeTest" time="64.784" errors="0" timestamp="2025-08-28T18:13:31 IST">
  <testcase classname="TestcaseAutomation.TC_regr_core_002" name="f" time="20.59">
    <failure type="java.lang.AssertionError" message="Login failed - Logout link not found.">
      <![CDATA[java.lang.AssertionError: Login failed - Logout link not found.
at TestcaseAutomation.TC_regr_core_002.f(TC_regr_core_002.java:77)
at java.base/java.util.ArrayList.forEach(ArrayList.java:1596)
... Removed 26 stack frames]]>
    </failure>
  </testcase> <!-- f -->
  <testcase classname="TestcaseAutomation.TC_regr_core_002" name="f" time="41.441">
    <failure type="java.lang.AssertionError" message="Login failed - Logout link not found.">
      <![CDATA[java.lang.AssertionError: Login failed - Logout link not found.
at TestcaseAutomation.TC_regr_core_002.f(TC_regr_core_002.java:77)
at java.base/java.util.ArrayList.forEach(ArrayList.java:1596)
... Removed 26 stack frames]]>
    </failure>
  </testcase> <!-- f -->
</testsuite> <!-- ChromeTest -->
