<?xml version="1.0" encoding="UTF-8"?>
<!-- Generated by org.testng.reporters.JUnitXMLReporter -->
<testsuite ignored="0" hostname="DESKTOP-LHK4KF7" failures="2" tests="4" name="ChromeTest" time="89.701" errors="0" timestamp="2025-08-28T18:01:42 IST">
  <testcase classname="TestcaseAutomation.TC_regr_core_001" name="f" time="18.782"/>
  <testcase classname="TestcaseAutomation.TC_regr_core_001" name="f" time="20.292"/>
  <testcase classname="TestcaseAutomation.TC_regr_core_001" name="f" time="19.101">
    <failure type="java.lang.AssertionError" message="Login failed - Logout link not found.">
      <![CDATA[java.lang.AssertionError: Login failed - Logout link not found.
at TestcaseAutomation.TC_regr_core_001.f(TC_regr_core_001.java:79)
at java.base/java.util.ArrayList.forEach(ArrayList.java:1596)
... Removed 26 stack frames]]>
    </failure>
  </testcase> <!-- f -->
  <testcase classname="TestcaseAutomation.TC_regr_core_001" name="f" time="26.837">
    <failure type="java.lang.AssertionError" message="Login failed - Logout link not found.">
      <![CDATA[java.lang.AssertionError: Login failed - Logout link not found.
at TestcaseAutomation.TC_regr_core_001.f(TC_regr_core_001.java:79)
at java.base/java.util.ArrayList.forEach(ArrayList.java:1596)
... Removed 26 stack frames]]>
    </failure>
  </testcase> <!-- f -->
</testsuite> <!-- ChromeTest -->
