<?xml version="1.0" encoding="UTF-8"?>
<!-- Generated by org.testng.reporters.JUnitXMLReporter -->
<testsuite ignored="0" hostname="DESKTOP-LHK4KF7" failures="0" tests="4" name="ExplorerTest" time="0.029" errors="0" timestamp="2025-08-26T15:57:19 IST">
  <testcase classname="Lab_Programs.Lab9_part2_lab4" name="f" time="0.0">
    <skipped/>
  </testcase> <!-- f -->
  <testcase classname="Lab_Programs.Lab9_part2_lab4" name="f" time="0.0">
    <skipped/>
  </testcase> <!-- f -->
  <testcase classname="Lab_Programs.Lab9_part1_lab3" name="f" time="0.0">
    <skipped/>
  </testcase> <!-- f -->
  <testcase classname="Lab_Programs.Lab9_part1_lab3" name="f" time="0.0">
    <skipped/>
  </testcase> <!-- f -->
</testsuite> <!-- ExplorerTest -->
