<?xml version="1.0" encoding="UTF-8"?>
<!-- Generated by org.testng.reporters.JUnitXMLReporter -->
<testsuite ignored="0" hostname="DESKTOP-LHK4KF7" failures="0" tests="6" name="LoginTest" time="28.871" errors="0" timestamp="2025-08-26T15:12:49 IST">
  <testcase classname="Package1.TC009" name="@BeforeMethod beforeMethod" time="-1.756201340917E9">
    <failure type="org.testng.TestNGException" message="
Parameter &amp;apos;browser&amp;apos; is required by BeforeMethod on method beforeMethod but has not been marked @Optional or defined
in C:\Users\Dell\Desktop\Git repo\Selenium\lab8.xml">
      <![CDATA[org.testng.TestNGException: 
Parameter 'browser' is required by BeforeMethod on method beforeMethod but has not been marked @Optional or defined
in C:\Users\Dell\Desktop\Git repo\Selenium\lab8.xml
at java.base/java.util.ArrayList.forEach(ArrayList.java:1596)
... Removed 28 stack frames]]>
    </failure>
  </testcase> <!-- @BeforeMethod beforeMethod -->
  <testcase classname="Package1.TC009" name="@AfterMethod afterMethod" time="0.0">
    <skipped/>
  </testcase> <!-- @AfterMethod afterMethod -->
  <testcase classname="Package1.TC009" name="@BeforeMethod beforeMethod" time="0.0">
    <skipped/>
  </testcase> <!-- @BeforeMethod beforeMethod -->
  <testcase classname="Package1.TC009" name="@AfterMethod afterMethod" time="0.0">
    <skipped/>
  </testcase> <!-- @AfterMethod afterMethod -->
  <testcase classname="Package1.TC009" name="@AfterClass afterClass" time="0.0">
    <skipped/>
  </testcase> <!-- @AfterClass afterClass -->
  <testcase classname="Package1.TC009" name="f" time="0.0">
    <skipped/>
  </testcase> <!-- f -->
  <testcase classname="Package1.TC009" name="f" time="0.0">
    <skipped/>
  </testcase> <!-- f -->
  <testcase classname="Lab_Programs.Lab3" name="f" time="2.672"/>
  <testcase classname="Lab_Programs.Lab3" name="f" time="2.76"/>
  <testcase classname="Lab_Programs.Lab4" name="f" time="1.895"/>
  <testcase classname="Lab_Programs.Lab4" name="f" time="1.513"/>
</testsuite> <!-- LoginTest -->
