<?xml version="1.0" encoding="UTF-8"?>
<!-- Generated by org.testng.reporters.JUnitXMLReporter -->
<testsuite ignored="2" hostname="DESKTOP-LHK4KF7" failures="0" tests="2" name="Test" time="0.066" errors="0" timestamp="2025-08-26T15:22:54 IST">
  <testcase classname="Package1.TC010_groups" name="test2" time="0.01"/>
  <testcase classname="Package1.TC010_groups" name="test3" time="0.001"/>
  <testcase classname="Package1.TC010_groups" name="test1" time="0.0">
    <ignored/>
  </testcase> <!-- test1 -->
  <testcase classname="Package1.TC010_groups" name="test4" time="0.0">
    <ignored/>
  </testcase> <!-- test4 -->
</testsuite> <!-- Test -->
