<?xml version="1.0" encoding="UTF-8"?>
<!-- Generated by org.testng.reporters.JUnitXMLReporter -->
<testsuite ignored="0" hostname="DESKTOP-LHK4KF7" failures="0" tests="4" name="ChromeTest" time="23.986" errors="0" timestamp="2025-09-02T10:48:17 IST">
  <testcase classname="Lab_Programs.Lab9_part2_lab4" name="f" time="3.936"/>
  <testcase classname="Lab_Programs.Lab9_part2_lab4" name="f" time="3.734"/>
  <testcase classname="Lab_Programs.Lab9_part1_lab3" name="f" time="3.944"/>
  <testcase classname="Lab_Programs.Lab9_part1_lab3" name="f" time="4.237"/>
</testsuite> <!-- ChromeTest -->
