<?xml version="1.0" encoding="UTF-8"?>
<!-- Generated by org.testng.reporters.JUnitXMLReporter -->
<testsuite ignored="0" hostname="DESKTOP-LHK4KF7" failures="0" tests="4" name="EdgeTest" time="24.858" errors="0" timestamp="2025-09-02T10:48:18 IST">
  <testcase classname="Lab_Programs.Lab9_part2_lab4" name="f" time="4.319"/>
  <testcase classname="Lab_Programs.Lab9_part2_lab4" name="f" time="3.743"/>
  <testcase classname="Lab_Programs.Lab9_part1_lab3" name="f" time="4.175"/>
  <testcase classname="Lab_Programs.Lab9_part1_lab3" name="f" time="3.602"/>
</testsuite> <!-- EdgeTest -->
