<?xml version="1.0" encoding="UTF-8"?>
<testng-results ignored="0" total="8" passed="8" failed="0" skipped="0">
  <reporter-output>
  </reporter-output>
  <suite started-at="2025-09-02T10:47:53 IST" name="Suite" finished-at="2025-09-02T10:48:18 IST" duration-ms="24858">
    <groups>
    </groups>
    <test started-at="2025-09-02T10:47:53 IST" name="ChromeTest" finished-at="2025-09-02T10:48:17 IST" duration-ms="23986">
      <class name="Lab_Programs.Lab9_part2_lab4">
        <test-method is-config="true" signature="beforeTest()[pri:0, instance:Lab_Programs.Lab9_part2_lab4@128d2484]" started-at="2025-09-02T10:47:53 IST" name="beforeTest" finished-at="2025-09-02T10:47:53 IST" duration-ms="1" status="PASS">
          <reporter-output>
          </reporter-output>
        </test-method> <!-- beforeTest -->
        <test-method is-config="true" signature="beforeClass()[pri:0, instance:Lab_Programs.Lab9_part2_lab4@128d2484]" started-at="2025-09-02T10:47:53 IST" name="beforeClass" finished-at="2025-09-02T10:47:53 IST" duration-ms="0" status="PASS">
          <reporter-output>
          </reporter-output>
        </test-method> <!-- beforeClass -->
        <test-method is-config="true" signature="beforeMethod(java.lang.String)[pri:0, instance:Lab_Programs.Lab9_part2_lab4@128d2484]" started-at="2025-09-02T10:47:53 IST" name="beforeMethod" finished-at="2025-09-02T10:47:57 IST" duration-ms="3790" status="PASS">
          <params>
            <param index="0">
              <value>
                <![CDATA[chrome]]>
              </value>
            </param>
          </params>
          <reporter-output>
          </reporter-output>
        </test-method> <!-- beforeMethod -->
        <test-method signature="f(java.lang.Integer,java.lang.String)[pri:0, instance:Lab_Programs.Lab9_part2_lab4@128d2484]" started-at="2025-09-02T10:47:57 IST" name="f" data-provider="dp" finished-at="2025-09-02T10:48:01 IST" duration-ms="3936" status="PASS">
          <params>
            <param index="0">
              <value>
                <![CDATA[1]]>
              </value>
            </param>
            <param index="1">
              <value>
                <![CDATA[a]]>
              </value>
            </param>
          </params>
          <reporter-output>
          </reporter-output>
        </test-method> <!-- f -->
        <test-method is-config="true" signature="afterMethod()[pri:0, instance:Lab_Programs.Lab9_part2_lab4@128d2484]" started-at="2025-09-02T10:48:01 IST" name="afterMethod" finished-at="2025-09-02T10:48:01 IST" duration-ms="342" status="PASS">
          <reporter-output>
          </reporter-output>
        </test-method> <!-- afterMethod -->
        <test-method is-config="true" signature="beforeMethod(java.lang.String)[pri:0, instance:Lab_Programs.Lab9_part2_lab4@128d2484]" started-at="2025-09-02T10:48:01 IST" name="beforeMethod" finished-at="2025-09-02T10:48:02 IST" duration-ms="1389" status="PASS">
          <params>
            <param index="0">
              <value>
                <![CDATA[chrome]]>
              </value>
            </param>
          </params>
          <reporter-output>
          </reporter-output>
        </test-method> <!-- beforeMethod -->
        <test-method signature="f(java.lang.Integer,java.lang.String)[pri:0, instance:Lab_Programs.Lab9_part2_lab4@128d2484]" started-at="2025-09-02T10:48:02 IST" name="f" data-provider="dp" finished-at="2025-09-02T10:48:06 IST" duration-ms="3734" status="PASS">
          <params>
            <param index="0">
              <value>
                <![CDATA[2]]>
              </value>
            </param>
            <param index="1">
              <value>
                <![CDATA[b]]>
              </value>
            </param>
          </params>
          <reporter-output>
          </reporter-output>
        </test-method> <!-- f -->
        <test-method is-config="true" signature="afterMethod()[pri:0, instance:Lab_Programs.Lab9_part2_lab4@128d2484]" started-at="2025-09-02T10:48:06 IST" name="afterMethod" finished-at="2025-09-02T10:48:06 IST" duration-ms="274" status="PASS">
          <reporter-output>
          </reporter-output>
        </test-method> <!-- afterMethod -->
        <test-method is-config="true" signature="afterClass()[pri:0, instance:Lab_Programs.Lab9_part2_lab4@128d2484]" started-at="2025-09-02T10:48:06 IST" name="afterClass" finished-at="2025-09-02T10:48:06 IST" duration-ms="0" status="PASS">
          <reporter-output>
          </reporter-output>
        </test-method> <!-- afterClass -->
        <test-method is-config="true" signature="afterTest()[pri:0, instance:Lab_Programs.Lab9_part2_lab4@128d2484]" started-at="2025-09-02T10:48:17 IST" name="afterTest" finished-at="2025-09-02T10:48:17 IST" duration-ms="1" status="PASS">
          <reporter-output>
          </reporter-output>
        </test-method> <!-- afterTest -->
      </class> <!-- Lab_Programs.Lab9_part2_lab4 -->
      <class name="Lab_Programs.Lab9_part1_lab3">
        <test-method is-config="true" signature="beforeTest()[pri:0, instance:Lab_Programs.Lab9_part1_lab3@a1153bc]" started-at="2025-09-02T10:47:53 IST" name="beforeTest" finished-at="2025-09-02T10:47:53 IST" duration-ms="1" status="PASS">
          <reporter-output>
          </reporter-output>
        </test-method> <!-- beforeTest -->
        <test-method is-config="true" signature="beforeClass()[pri:0, instance:Lab_Programs.Lab9_part1_lab3@a1153bc]" started-at="2025-09-02T10:48:06 IST" name="beforeClass" finished-at="2025-09-02T10:48:06 IST" duration-ms="1" status="PASS">
          <reporter-output>
          </reporter-output>
        </test-method> <!-- beforeClass -->
        <test-method is-config="true" signature="beforeMethod(java.lang.String)[pri:0, instance:Lab_Programs.Lab9_part1_lab3@a1153bc]" started-at="2025-09-02T10:48:06 IST" name="beforeMethod" finished-at="2025-09-02T10:48:07 IST" duration-ms="976" status="PASS">
          <params>
            <param index="0">
              <value>
                <![CDATA[chrome]]>
              </value>
            </param>
          </params>
          <reporter-output>
          </reporter-output>
        </test-method> <!-- beforeMethod -->
        <test-method signature="f(java.lang.Integer,java.lang.String)[pri:0, instance:Lab_Programs.Lab9_part1_lab3@a1153bc]" started-at="2025-09-02T10:48:07 IST" name="f" data-provider="dp" finished-at="2025-09-02T10:48:11 IST" duration-ms="3944" status="PASS">
          <params>
            <param index="0">
              <value>
                <![CDATA[1]]>
              </value>
            </param>
            <param index="1">
              <value>
                <![CDATA[a]]>
              </value>
            </param>
          </params>
          <reporter-output>
          </reporter-output>
        </test-method> <!-- f -->
        <test-method is-config="true" signature="afterMethod()[pri:0, instance:Lab_Programs.Lab9_part1_lab3@a1153bc]" started-at="2025-09-02T10:48:11 IST" name="afterMethod" finished-at="2025-09-02T10:48:11 IST" duration-ms="194" status="PASS">
          <reporter-output>
          </reporter-output>
        </test-method> <!-- afterMethod -->
        <test-method is-config="true" signature="beforeMethod(java.lang.String)[pri:0, instance:Lab_Programs.Lab9_part1_lab3@a1153bc]" started-at="2025-09-02T10:48:11 IST" name="beforeMethod" finished-at="2025-09-02T10:48:12 IST" duration-ms="850" status="PASS">
          <params>
            <param index="0">
              <value>
                <![CDATA[chrome]]>
              </value>
            </param>
          </params>
          <reporter-output>
          </reporter-output>
        </test-method> <!-- beforeMethod -->
        <test-method signature="f(java.lang.Integer,java.lang.String)[pri:0, instance:Lab_Programs.Lab9_part1_lab3@a1153bc]" started-at="2025-09-02T10:48:12 IST" name="f" data-provider="dp" finished-at="2025-09-02T10:48:17 IST" duration-ms="4237" status="PASS">
          <params>
            <param index="0">
              <value>
                <![CDATA[2]]>
              </value>
            </param>
            <param index="1">
              <value>
                <![CDATA[b]]>
              </value>
            </param>
          </params>
          <reporter-output>
          </reporter-output>
        </test-method> <!-- f -->
        <test-method is-config="true" signature="afterMethod()[pri:0, instance:Lab_Programs.Lab9_part1_lab3@a1153bc]" started-at="2025-09-02T10:48:17 IST" name="afterMethod" finished-at="2025-09-02T10:48:17 IST" duration-ms="200" status="PASS">
          <reporter-output>
          </reporter-output>
        </test-method> <!-- afterMethod -->
        <test-method is-config="true" signature="afterClass()[pri:0, instance:Lab_Programs.Lab9_part1_lab3@a1153bc]" started-at="2025-09-02T10:48:17 IST" name="afterClass" finished-at="2025-09-02T10:48:17 IST" duration-ms="1" status="PASS">
          <reporter-output>
          </reporter-output>
        </test-method> <!-- afterClass -->
        <test-method is-config="true" signature="afterTest()[pri:0, instance:Lab_Programs.Lab9_part1_lab3@a1153bc]" started-at="2025-09-02T10:48:17 IST" name="afterTest" finished-at="2025-09-02T10:48:17 IST" duration-ms="2" status="PASS">
          <reporter-output>
          </reporter-output>
        </test-method> <!-- afterTest -->
      </class> <!-- Lab_Programs.Lab9_part1_lab3 -->
    </test> <!-- ChromeTest -->
    <test started-at="2025-09-02T10:47:53 IST" name="EdgeTest" finished-at="2025-09-02T10:48:18 IST" duration-ms="24858">
      <class name="Lab_Programs.Lab9_part2_lab4">
        <test-method is-config="true" signature="beforeSuite()[pri:0, instance:Lab_Programs.Lab9_part2_lab4@557caf28]" started-at="2025-09-02T10:47:53 IST" name="beforeSuite" finished-at="2025-09-02T10:47:53 IST" duration-ms="0" status="PASS">
          <reporter-output>
          </reporter-output>
        </test-method> <!-- beforeSuite -->
        <test-method is-config="true" signature="beforeTest()[pri:0, instance:Lab_Programs.Lab9_part2_lab4@557caf28]" started-at="2025-09-02T10:47:53 IST" name="beforeTest" finished-at="2025-09-02T10:47:53 IST" duration-ms="1" status="PASS">
          <reporter-output>
          </reporter-output>
        </test-method> <!-- beforeTest -->
        <test-method is-config="true" signature="beforeClass()[pri:0, instance:Lab_Programs.Lab9_part2_lab4@557caf28]" started-at="2025-09-02T10:47:53 IST" name="beforeClass" finished-at="2025-09-02T10:47:53 IST" duration-ms="0" status="PASS">
          <reporter-output>
          </reporter-output>
        </test-method> <!-- beforeClass -->
        <test-method is-config="true" signature="beforeMethod(java.lang.String)[pri:0, instance:Lab_Programs.Lab9_part2_lab4@557caf28]" started-at="2025-09-02T10:47:53 IST" name="beforeMethod" finished-at="2025-09-02T10:47:57 IST" duration-ms="3790" status="PASS">
          <params>
            <param index="0">
              <value>
                <![CDATA[edge]]>
              </value>
            </param>
          </params>
          <reporter-output>
          </reporter-output>
        </test-method> <!-- beforeMethod -->
        <test-method signature="f(java.lang.Integer,java.lang.String)[pri:0, instance:Lab_Programs.Lab9_part2_lab4@557caf28]" started-at="2025-09-02T10:47:57 IST" name="f" data-provider="dp" finished-at="2025-09-02T10:48:01 IST" duration-ms="4319" status="PASS">
          <params>
            <param index="0">
              <value>
                <![CDATA[1]]>
              </value>
            </param>
            <param index="1">
              <value>
                <![CDATA[a]]>
              </value>
            </param>
          </params>
          <reporter-output>
          </reporter-output>
        </test-method> <!-- f -->
        <test-method is-config="true" signature="afterMethod()[pri:0, instance:Lab_Programs.Lab9_part2_lab4@557caf28]" started-at="2025-09-02T10:48:01 IST" name="afterMethod" finished-at="2025-09-02T10:48:01 IST" duration-ms="242" status="PASS">
          <reporter-output>
          </reporter-output>
        </test-method> <!-- afterMethod -->
        <test-method is-config="true" signature="beforeMethod(java.lang.String)[pri:0, instance:Lab_Programs.Lab9_part2_lab4@557caf28]" started-at="2025-09-02T10:48:01 IST" name="beforeMethod" finished-at="2025-09-02T10:48:03 IST" duration-ms="1467" status="PASS">
          <params>
            <param index="0">
              <value>
                <![CDATA[edge]]>
              </value>
            </param>
          </params>
          <reporter-output>
          </reporter-output>
        </test-method> <!-- beforeMethod -->
        <test-method signature="f(java.lang.Integer,java.lang.String)[pri:0, instance:Lab_Programs.Lab9_part2_lab4@557caf28]" started-at="2025-09-02T10:48:03 IST" name="f" data-provider="dp" finished-at="2025-09-02T10:48:06 IST" duration-ms="3743" status="PASS">
          <params>
            <param index="0">
              <value>
                <![CDATA[2]]>
              </value>
            </param>
            <param index="1">
              <value>
                <![CDATA[b]]>
              </value>
            </param>
          </params>
          <reporter-output>
          </reporter-output>
        </test-method> <!-- f -->
        <test-method is-config="true" signature="afterMethod()[pri:0, instance:Lab_Programs.Lab9_part2_lab4@557caf28]" started-at="2025-09-02T10:48:06 IST" name="afterMethod" finished-at="2025-09-02T10:48:07 IST" duration-ms="237" status="PASS">
          <reporter-output>
          </reporter-output>
        </test-method> <!-- afterMethod -->
        <test-method is-config="true" signature="afterClass()[pri:0, instance:Lab_Programs.Lab9_part2_lab4@557caf28]" started-at="2025-09-02T10:48:07 IST" name="afterClass" finished-at="2025-09-02T10:48:07 IST" duration-ms="1" status="PASS">
          <reporter-output>
          </reporter-output>
        </test-method> <!-- afterClass -->
        <test-method is-config="true" signature="afterTest()[pri:0, instance:Lab_Programs.Lab9_part2_lab4@557caf28]" started-at="2025-09-02T10:48:18 IST" name="afterTest" finished-at="2025-09-02T10:48:18 IST" duration-ms="0" status="PASS">
          <reporter-output>
          </reporter-output>
        </test-method> <!-- afterTest -->
        <test-method is-config="true" signature="afterSuite()[pri:0, instance:Lab_Programs.Lab9_part2_lab4@557caf28]" started-at="2025-09-02T10:48:18 IST" name="afterSuite" finished-at="2025-09-02T10:48:18 IST" duration-ms="0" status="PASS">
          <reporter-output>
          </reporter-output>
        </test-method> <!-- afterSuite -->
      </class> <!-- Lab_Programs.Lab9_part2_lab4 -->
      <class name="Lab_Programs.Lab9_part1_lab3">
        <test-method is-config="true" signature="beforeSuite()[pri:0, instance:Lab_Programs.Lab9_part1_lab3@408d971b]" started-at="2025-09-02T10:47:53 IST" name="beforeSuite" finished-at="2025-09-02T10:47:53 IST" duration-ms="36" status="PASS">
          <reporter-output>
          </reporter-output>
        </test-method> <!-- beforeSuite -->
        <test-method is-config="true" signature="beforeTest()[pri:0, instance:Lab_Programs.Lab9_part1_lab3@408d971b]" started-at="2025-09-02T10:47:53 IST" name="beforeTest" finished-at="2025-09-02T10:47:53 IST" duration-ms="2" status="PASS">
          <reporter-output>
          </reporter-output>
        </test-method> <!-- beforeTest -->
        <test-method is-config="true" signature="beforeClass()[pri:0, instance:Lab_Programs.Lab9_part1_lab3@408d971b]" started-at="2025-09-02T10:48:07 IST" name="beforeClass" finished-at="2025-09-02T10:48:07 IST" duration-ms="0" status="PASS">
          <reporter-output>
          </reporter-output>
        </test-method> <!-- beforeClass -->
        <test-method is-config="true" signature="beforeMethod(java.lang.String)[pri:0, instance:Lab_Programs.Lab9_part1_lab3@408d971b]" started-at="2025-09-02T10:48:07 IST" name="beforeMethod" finished-at="2025-09-02T10:48:08 IST" duration-ms="1524" status="PASS">
          <params>
            <param index="0">
              <value>
                <![CDATA[edge]]>
              </value>
            </param>
          </params>
          <reporter-output>
          </reporter-output>
        </test-method> <!-- beforeMethod -->
        <test-method signature="f(java.lang.Integer,java.lang.String)[pri:0, instance:Lab_Programs.Lab9_part1_lab3@408d971b]" started-at="2025-09-02T10:48:08 IST" name="f" data-provider="dp" finished-at="2025-09-02T10:48:12 IST" duration-ms="4175" status="PASS">
          <params>
            <param index="0">
              <value>
                <![CDATA[1]]>
              </value>
            </param>
            <param index="1">
              <value>
                <![CDATA[a]]>
              </value>
            </param>
          </params>
          <reporter-output>
          </reporter-output>
        </test-method> <!-- f -->
        <test-method is-config="true" signature="afterMethod()[pri:0, instance:Lab_Programs.Lab9_part1_lab3@408d971b]" started-at="2025-09-02T10:48:12 IST" name="afterMethod" finished-at="2025-09-02T10:48:13 IST" duration-ms="331" status="PASS">
          <reporter-output>
          </reporter-output>
        </test-method> <!-- afterMethod -->
        <test-method is-config="true" signature="beforeMethod(java.lang.String)[pri:0, instance:Lab_Programs.Lab9_part1_lab3@408d971b]" started-at="2025-09-02T10:48:13 IST" name="beforeMethod" finished-at="2025-09-02T10:48:14 IST" duration-ms="1125" status="PASS">
          <params>
            <param index="0">
              <value>
                <![CDATA[edge]]>
              </value>
            </param>
          </params>
          <reporter-output>
          </reporter-output>
        </test-method> <!-- beforeMethod -->
        <test-method signature="f(java.lang.Integer,java.lang.String)[pri:0, instance:Lab_Programs.Lab9_part1_lab3@408d971b]" started-at="2025-09-02T10:48:14 IST" name="f" data-provider="dp" finished-at="2025-09-02T10:48:17 IST" duration-ms="3602" status="PASS">
          <params>
            <param index="0">
              <value>
                <![CDATA[2]]>
              </value>
            </param>
            <param index="1">
              <value>
                <![CDATA[b]]>
              </value>
            </param>
          </params>
          <reporter-output>
          </reporter-output>
        </test-method> <!-- f -->
        <test-method is-config="true" signature="afterMethod()[pri:0, instance:Lab_Programs.Lab9_part1_lab3@408d971b]" started-at="2025-09-02T10:48:17 IST" name="afterMethod" finished-at="2025-09-02T10:48:18 IST" duration-ms="193" status="PASS">
          <reporter-output>
          </reporter-output>
        </test-method> <!-- afterMethod -->
        <test-method is-config="true" signature="afterClass()[pri:0, instance:Lab_Programs.Lab9_part1_lab3@408d971b]" started-at="2025-09-02T10:48:18 IST" name="afterClass" finished-at="2025-09-02T10:48:18 IST" duration-ms="1" status="PASS">
          <reporter-output>
          </reporter-output>
        </test-method> <!-- afterClass -->
        <test-method is-config="true" signature="afterTest()[pri:0, instance:Lab_Programs.Lab9_part1_lab3@408d971b]" started-at="2025-09-02T10:48:18 IST" name="afterTest" finished-at="2025-09-02T10:48:18 IST" duration-ms="2" status="PASS">
          <reporter-output>
          </reporter-output>
        </test-method> <!-- afterTest -->
        <test-method is-config="true" signature="afterSuite()[pri:0, instance:Lab_Programs.Lab9_part1_lab3@408d971b]" started-at="2025-09-02T10:48:18 IST" name="afterSuite" finished-at="2025-09-02T10:48:18 IST" duration-ms="1" status="PASS">
          <reporter-output>
          </reporter-output>
        </test-method> <!-- afterSuite -->
      </class> <!-- Lab_Programs.Lab9_part1_lab3 -->
    </test> <!-- EdgeTest -->
  </suite> <!-- Suite -->
</testng-results>
