<?xml version="1.0" encoding="UTF-8"?>
<!-- Generated by org.testng.reporters.JUnitReportReporter -->
<testsuite hostname="DESKTOP-LHK4KF7" failures="0" tests="3" name="com.orangehrm.tests.Login_orangehrm" time="23.336" errors="0" timestamp="2025-09-02T15:31:54 IST" skipped="0">
  <testcase classname="com.orangehrm.tests.Login_orangehrm" name="verifylogin" time="7.352"/>
  <testcase classname="com.orangehrm.tests.Login_orangehrm" name="verifylogin" time="7.925"/>
  <testcase classname="com.orangehrm.tests.Login_orangehrm" name="verifylogin" time="8.059"/>
</testsuite> <!-- com.orangehrm.tests.Login_orangehrm -->
