<?xml version="1.0" encoding="UTF-8"?>
<!-- Generated by org.testng.reporters.JUnitReportReporter -->
<testsuite hostname="DESKTOP-LHK4KF7" failures="0" tests="3" name="com.orangehrm.tests.Login_orangehrm" time="24.055" errors="0" timestamp="2025-08-29T16:53:19 IST" skipped="0">
  <testcase classname="com.orangehrm.tests.Login_orangehrm" name="verifylogin" time="8.330"/>
  <testcase classname="com.orangehrm.tests.Login_orangehrm" name="verifylogin" time="7.511"/>
  <testcase classname="com.orangehrm.tests.Login_orangehrm" name="verifylogin" time="8.214"/>
</testsuite> <!-- com.orangehrm.tests.Login_orangehrm -->
