<?xml version="1.0" encoding="UTF-8"?>
<!-- Generated by org.testng.reporters.JUnitReportReporter -->
<testsuite hostname="DESKTOP-LHK4KF7" failures="0" tests="4" name="TestcaseAutomation.TC001_validCredentials" time="87.418" errors="0" timestamp="2025-08-28T17:35:30 IST" skipped="0">
  <testcase classname="TestcaseAutomation.TC001_validCredentials" name="f" time="14.291"/>
  <system-out/>
  <testcase classname="TestcaseAutomation.TC001_validCredentials" name="f" time="20.122"/>
  <system-out/>
  <testcase classname="TestcaseAutomation.TC001_validCredentials" name="f" time="35.393"/>
  <system-out/>
  <testcase classname="TestcaseAutomation.TC001_validCredentials" name="f" time="17.612"/>
  <system-out/>
</testsuite> <!-- TestcaseAutomation.TC001_validCredentials -->
