<?xml version="1.0" encoding="UTF-8"?>
<!-- Generated by org.testng.reporters.JUnitReportReporter -->
<testsuite hostname="DESKTOP-LHK4KF7" failures="0" tests="4" name="Lab_Programs.Lab9_part1_lab3" time="21.351" errors="0" timestamp="2025-09-02T10:48:18 IST" skipped="0">
  <testcase classname="Lab_Programs.Lab9_part1_lab3" name="f" time="5.631"/>
  <testcase classname="Lab_Programs.Lab9_part1_lab3" name="f" time="5.413"/>
  <testcase classname="Lab_Programs.Lab9_part1_lab3" name="f" time="5.319"/>
  <testcase classname="Lab_Programs.Lab9_part1_lab3" name="f" time="4.988"/>
</testsuite> <!-- Lab_Programs.Lab9_part1_lab3 -->
