<?xml version="1.0" encoding="UTF-8"?>
<!-- Generated by org.testng.reporters.JUnitReportReporter -->
<testsuite hostname="DESKTOP-LHK4KF7" failures="0" tests="4" name="Lab_Programs.Lab9_part2_lab4" time="27.263" errors="0" timestamp="2025-09-02T10:48:18 IST" skipped="0">
  <testcase classname="Lab_Programs.Lab9_part2_lab4" name="f" time="5.667"/>
  <testcase classname="Lab_Programs.Lab9_part2_lab4" name="f" time="7.798"/>
  <testcase classname="Lab_Programs.Lab9_part2_lab4" name="f" time="5.452"/>
  <testcase classname="Lab_Programs.Lab9_part2_lab4" name="f" time="8.346"/>
</testsuite> <!-- Lab_Programs.Lab9_part2_lab4 -->
